<?xml version="1.0" encoding="UTF-8"?>
<!-- Generated by org.testng.reporters.JUnitXMLReporter -->
<testsuite ignored="0" hostname="RAMESH-FIN25" failures="1" tests="4" name="ErrorMessageVerification" time="21.349" errors="0" timestamp="2024-10-18T09:29:57 IST">
  <testcase classname="Framework.ErrorValidation" name="LoginError" time="3.158">
    <skipped/>
  </testcase> <!-- LoginError -->
  <testcase classname="Framework.ErrorValidation" name="LoginError" time="2.063">
    <skipped/>
  </testcase> <!-- LoginError -->
  <testcase classname="Framework.ErrorValidation" name="LoginError" time="2.049">
    <failure type="java.lang.AssertionError" message="expected [Incorrect email  password.] but found [Incorrect email or password.]">
      <![CDATA[java.lang.AssertionError: expected [Incorrect email  password.] but found [Incorrect email or password.]
at Framework.ErrorValidation.LoginError(ErrorValidation.java:30)
at java.base/java.util.ArrayList.forEach(ArrayList.java:1511)
... Removed 33 stack frames]]>
    </failure>
  </testcase> <!-- LoginError -->
  <testcase classname="Framework.ErrorValidation" name="ProductError" time="4.367"/>
</testsuite> <!-- ErrorMessageVerification -->
