<?xml version="1.0" encoding="UTF-8"?>
<!-- Generated by org.testng.reporters.JUnitXMLReporter -->
<testsuite ignored="0" hostname="RAMESH-FIN25" failures="1" tests="4" name="ErrorMessageVerification" time="18.746" errors="0" timestamp="2024-10-23T16:13:28 IST">
  <testcase classname="Frameworks.ErrorValidation" name="LoginError" time="1.851">
    <skipped/>
  </testcase> <!-- LoginError -->
  <testcase classname="Frameworks.ErrorValidation" name="LoginError" time="2.708">
    <skipped/>
  </testcase> <!-- LoginError -->
  <testcase classname="Frameworks.ErrorValidation" name="LoginError" time="1.776">
    <failure type="java.lang.AssertionError" message="expected [Incorrect email  password.] but found [Incorrect email or password.]">
      <![CDATA[java.lang.AssertionError: expected [Incorrect email  password.] but found [Incorrect email or password.]
at Frameworks.ErrorValidation.LoginError(ErrorValidation.java:30)
at java.base/java.util.ArrayList.forEach(ArrayList.java:1511)
... Removed 37 stack frames]]>
    </failure>
  </testcase> <!-- LoginError -->
  <testcase classname="Frameworks.ErrorValidation" name="ProductError" time="4.29"/>
</testsuite> <!-- ErrorMessageVerification -->
