<?xml version="1.0" encoding="UTF-8"?>
<!-- Generated by org.testng.reporters.JUnitXMLReporter -->
<testsuite ignored="0" hostname="RAMESH-FIN25" failures="0" tests="4" name="Test" time="33.058" errors="0" timestamp="2024-10-23T16:13:09 IST">
  <testcase classname="Frameworks.POM" name="OrderPlacement" time="8.962"/>
  <testcase classname="Frameworks.POM" name="OrderPlacement" time="8.928"/>
  <testcase classname="Frameworks.POM" name="OrderPage" time="2.449"/>
  <testcase classname="Frameworks.POM" name="OrderPage" time="3.418"/>
</testsuite> <!-- Test -->
